<?xml version="1.0" encoding="UTF-8"?>
<!-- Generated by org.testng.reporters.JUnitReportReporter -->
<testsuite hostname="DESKTOP-V5A45G8" failures="0" tests="2" name="Hsptl_Mngnt.Testing_Hsplt_Mngnt" time="2.874" errors="0" timestamp="2025-08-25T17:28:54 IST" skipped="0">
  <testcase classname="Hsptl_Mngnt.Testing_Hsplt_Mngnt" name="testValidLoginWithMockDB" time="0.025"/>
  <testcase classname="Hsptl_Mngnt.Testing_Hsplt_Mngnt" name="testInvalidLoginWithMockDB" time="2.849"/>
</testsuite> <!-- Hsptl_Mngnt.Testing_Hsplt_Mngnt -->
