<?xml version="1.0" encoding="UTF-8"?>
<!-- Generated by org.testng.reporters.JUnitReportReporter -->
<testsuite hostname="DESKTOP-V5A45G8" failures="0" tests="1" name="Testing.BStack" time="2.299" errors="0" timestamp="2025-09-06T19:28:34 IST" skipped="0">
  <testcase classname="Testing.BStack" name="f" time="2.299"/>
</testsuite> <!-- Testing.BStack -->
