<?xml version="1.0" encoding="UTF-8"?>
<!-- Generated by org.testng.reporters.JUnitReportReporter -->
<testsuite hostname="DESKTOP-V5A45G8" failures="0" tests="1" name="Testing.Class1" time="18.194" errors="0" timestamp="2025-08-14T13:20:36 IST" skipped="0">
  <testcase classname="Testing.Class1" name="amazon" time="18.194"/>
</testsuite> <!-- Testing.Class1 -->
