<?xml version="1.0" encoding="UTF-8"?>
<!-- Generated by org.testng.reporters.JUnitReportReporter -->
<testsuite hostname="DESKTOP-V5A45G8" failures="0" tests="2" name="Tira_Mini_Proj.Test_Search" time="99.705" errors="0" timestamp="2025-08-17T20:57:45 IST" skipped="0">
  <testcase classname="Tira_Mini_Proj.Test_Search" name="testLogin" time="49.367"/>
  <testcase classname="Tira_Mini_Proj.Test_Search" name="testLogin" time="50.338"/>
</testsuite> <!-- Tira_Mini_Proj.Test_Search -->
