<?xml version="1.0" encoding="UTF-8"?>
<!-- Generated by org.testng.reporters.JUnitReportReporter -->
<testsuite hostname="DESKTOP-V5A45G8" failures="0" tests="4" name="Testing.Parallel_Testing" time="32.064" errors="0" timestamp="2025-08-14T12:48:31 IST" skipped="0">
  <testcase classname="Testing.Parallel_Testing" name="flipkart" time="10.633"/>
  <testcase classname="Testing.Parallel_Testing" name="zerobank" time="9.525"/>
  <testcase classname="Testing.Parallel_Testing" name="amazon" time="8.505"/>
  <testcase classname="Testing.Parallel_Testing" name="eBay" time="3.401"/>
</testsuite> <!-- Testing.Parallel_Testing -->
