<?xml version="1.0" encoding="UTF-8"?>
<!-- Generated by org.testng.reporters.JUnitReportReporter -->
<testsuite hostname="DESKTOP-V5A45G8" failures="0" tests="4" name="T2_Prac.Pract_2" time="0.932" errors="0" timestamp="2025-09-11T23:34:06 IST" skipped="0">
  <testcase classname="T2_Prac.Pract_2" name="Title_Valiadtion" time="0.013"/>
  <testcase classname="T2_Prac.Pract_2" name="Country_Drop_Down" time="0.334"/>
  <testcase classname="T2_Prac.Pract_2" name="Day_Of_Birth" time="0.383"/>
  <testcase classname="T2_Prac.Pract_2" name="Is_Selected_radio" time="0.202"/>
</testsuite> <!-- T2_Prac.Pract_2 -->
