<?xml version="1.0" encoding="UTF-8"?>
<!-- Generated by org.testng.reporters.JUnitReportReporter -->
<testsuite hostname="DESKTOP-V5A45G8" failures="0" tests="3" name="Testing.CrossBrowser_Testing" time="73.956" errors="0" timestamp="2025-08-14T15:00:00 IST" skipped="0">
  <testcase classname="Testing.CrossBrowser_Testing" name="Chrome" time="14.657"/>
  <testcase classname="Testing.CrossBrowser_Testing" name="Firefox" time="45.652"/>
  <testcase classname="Testing.CrossBrowser_Testing" name="flipkart" time="13.647"/>
</testsuite> <!-- Testing.CrossBrowser_Testing -->
