<?xml version="1.0" encoding="UTF-8"?>
<!-- Generated by org.testng.reporters.JUnitReportReporter -->
<testsuite hostname="DESKTOP-V5A45G8" failures="0" tests="1" name="Testing.Explict_wait" time="6.178" errors="0" timestamp="2025-08-14T16:07:43 IST" skipped="0">
  <testcase classname="Testing.Explict_wait" name="f" time="6.178"/>
</testsuite> <!-- Testing.Explict_wait -->
