<?xml version="1.0" encoding="UTF-8"?>
<!-- Generated by org.testng.reporters.JUnitReportReporter -->
<testsuite hostname="DESKTOP-V5A45G8" failures="0" tests="6" name="Testing.ExcelFile" time="55.725" errors="0" timestamp="2025-08-16T16:11:00 IST" skipped="0">
  <testcase classname="Testing.ExcelFile" name="testLogin" time="9.303"/>
  <testcase classname="Testing.ExcelFile" name="testLogin" time="8.480"/>
  <testcase classname="Testing.ExcelFile" name="testLogin" time="9.769"/>
  <testcase classname="Testing.ExcelFile" name="testLogin" time="9.222"/>
  <testcase classname="Testing.ExcelFile" name="testLogin" time="10.169"/>
  <testcase classname="Testing.ExcelFile" name="testLogin" time="8.782"/>
</testsuite> <!-- Testing.ExcelFile -->
