<?xml version="1.0" encoding="UTF-8"?>
<!-- Generated by org.testng.reporters.JUnitReportReporter -->
<testsuite hostname="DESKTOP-V5A45G8" failures="0" tests="6" name="Testing.ExcelFile" time="63.029" errors="0" timestamp="2025-08-31T16:04:40 IST" skipped="0">
  <testcase classname="Testing.ExcelFile" name="testLogin" time="11.262"/>
  <testcase classname="Testing.ExcelFile" name="testLogin" time="8.882"/>
  <testcase classname="Testing.ExcelFile" name="testLogin" time="10.250"/>
  <testcase classname="Testing.ExcelFile" name="testLogin" time="10.341"/>
  <testcase classname="Testing.ExcelFile" name="testLogin" time="10.540"/>
  <testcase classname="Testing.ExcelFile" name="testLogin" time="11.754"/>
</testsuite> <!-- Testing.ExcelFile -->
