<?xml version="1.0" encoding="UTF-8"?>
<!-- Generated by org.testng.reporters.JUnitReportReporter -->
<testsuite hostname="DESKTOP-V5A45G8" failures="0" tests="1" name="Testing.Fluent_Wait" time="5.506" errors="0" timestamp="2025-08-14T16:17:35 IST" skipped="0">
  <testcase classname="Testing.Fluent_Wait" name="f" time="5.506"/>
</testsuite> <!-- Testing.Fluent_Wait -->
