<?xml version="1.0" encoding="UTF-8"?>
<!-- Generated by org.testng.reporters.JUnitReportReporter -->
<testsuite hostname="DESKTOP-V5A45G8" failures="0" tests="2" name="Tira_Mini_Proj.Test_Cart" time="54.357" errors="0" timestamp="2025-08-18T00:19:30 IST" skipped="0">
  <testcase classname="Tira_Mini_Proj.Test_Cart" name="login" time="16.639"/>
  <testcase classname="Tira_Mini_Proj.Test_Cart" name="cart" time="37.718"/>
</testsuite> <!-- Tira_Mini_Proj.Test_Cart -->
