<?xml version="1.0" encoding="UTF-8"?>
<!-- Generated by org.testng.reporters.JUnitReportReporter -->
<testsuite hostname="DESKTOP-V5A45G8" failures="0" tests="2" name="Asserts_demo.Selenium_dev" time="0.137" errors="0" timestamp="2025-08-18T10:43:19 IST" skipped="0">
  <testcase classname="Asserts_demo.Selenium_dev" name="url" time="0.060"/>
  <testcase classname="Asserts_demo.Selenium_dev" name="title" time="0.077"/>
</testsuite> <!-- Asserts_demo.Selenium_dev -->
