<?xml version="1.0" encoding="UTF-8"?>
<!-- Generated by org.testng.reporters.JUnitReportReporter -->
<testsuite hostname="DESKTOP-V5A45G8" failures="0" tests="1" name="Testing.MileStone2" time="7.970" errors="0" timestamp="2025-08-31T15:59:24 IST" skipped="0">
  <testcase classname="Testing.MileStone2" name="testLogin" time="7.970"/>
</testsuite> <!-- Testing.MileStone2 -->
