<?xml version="1.0" encoding="UTF-8"?>
<!-- Generated by org.testng.reporters.JUnitReportReporter -->
<testsuite hostname="DESKTOP-V5A45G8" failures="0" tests="1" name="MileStone2_Prac.Yaksha" time="3.754" errors="0" timestamp="2025-09-04T21:12:22 IST" skipped="0">
  <testcase classname="MileStone2_Prac.Yaksha" name="f" time="3.754"/>
</testsuite> <!-- MileStone2_Prac.Yaksha -->
