<?xml version="1.0" encoding="UTF-8"?>
<!-- Generated by org.testng.reporters.JUnitReportReporter -->
<testsuite hostname="DESKTOP-V5A45G8" failures="0" tests="7" name="Testing.PageClass_Calling" time="65.621" errors="0" timestamp="2025-08-16T14:47:46 IST" skipped="0">
  <testcase classname="Testing.PageClass_Calling" name="testlogin" time="6.436"/>
  <testcase classname="Testing.PageClass_Calling" name="Search" time="4.048"/>
  <testcase classname="Testing.PageClass_Calling" name="multipleSearchTest" time="22.086"/>
  <testcase classname="Testing.PageClass_Calling" name="addToCartTest" time="13.805"/>
  <testcase classname="Testing.PageClass_Calling" name="deleteFromCartTest" time="4.559"/>
  <testcase classname="Testing.PageClass_Calling" name="chngeAddress" time="8.109"/>
  <testcase classname="Testing.PageClass_Calling" name="ShopByCatgy" time="6.578"/>
</testsuite> <!-- Testing.PageClass_Calling -->
