<?xml version="1.0" encoding="UTF-8"?>
<!-- Generated by org.testng.reporters.JUnitReportReporter -->
<testsuite hostname="DESKTOP-V5A45G8" failures="0" tests="1" name="Testing.Class2" time="11.393" errors="0" timestamp="2025-08-14T13:20:36 IST" skipped="0">
  <testcase classname="Testing.Class2" name="flipkart" time="11.393"/>
</testsuite> <!-- Testing.Class2 -->
