<?xml version="1.0" encoding="UTF-8"?>
<!-- Generated by org.testng.reporters.JUnitReportReporter -->
<testsuite hostname="DESKTOP-V5A45G8" failures="0" tests="1" name="Testing.PageClass_Calling" time="13.743" errors="0" timestamp="2025-08-23T13:49:01 IST" skipped="0">
  <testcase classname="Testing.PageClass_Calling" name="multipleSearchTest" time="13.743"/>
</testsuite> <!-- Testing.PageClass_Calling -->
