<?xml version="1.0" encoding="UTF-8"?>
<!-- Generated by org.testng.reporters.JUnitReportReporter -->
<testsuite hostname="DESKTOP-V5A45G8" failures="0" tests="2" name="MileStone2_Prac.MS2" time="27.366" errors="0" timestamp="2025-08-31T20:31:10 IST" skipped="0">
  <testcase classname="MileStone2_Prac.MS2" name="signin" time="12.716"/>
  <testcase classname="MileStone2_Prac.MS2" name="newAddr" time="14.650"/>
</testsuite> <!-- MileStone2_Prac.MS2 -->
